ERROR - C:\Program Files\PTC\Creo 6.0.2.0\Common Files\text\config.pro, linenum 5 :  Keyword 'ALLOW_SAVE_FAILED_MODELS' is not valid.
ERROR - C:\Program Files\PTC\Creo 6.0.2.0\Common Files\text\config.pro, linenum 11:  Keyword 'SYSTEM_BACKGROUND_COLOR' is not valid.
ERROR - C:\Program Files\PTC\Creo 6.0.2.0\Common Files\text\config.pro, linenum 227: Invalid value 'shading_low' for keyword 'SAVE_MODEL_DISPLAY'.
Connection restored with License Server(s)  1
Connection restored with License Server(s)  1
Connection restored with License Server(s)  2
Connection restored with License Server(s)  3
Connection restored with License Server(s)  4
Connection restored with License Server(s)  5
Connection restored with License Server(s)  6
Connection restored with License Server(s)  7
Connection restored with License Server(s)  8
Connection restored with License Server(s)  9
Connection restored with License Server(s)  10
Connection restored with License Server(s)  11
Warning Licensing error: Excessive reconnection with License server(s), detected.
Connection restored with License Server(s)  1
Connection restored with License Server(s)  2
Connection restored with License Server(s)  3
Connection restored with License Server(s)  4
Connection restored with License Server(s)  5
Connection restored with License Server(s)  6
Connection restored with License Server(s)  7
Connection restored with License Server(s)  1
Connection restored with License Server(s)  1
Connection restored with License Server(s)  2
Connection restored with License Server(s)  1
Connection restored with License Server(s)  1
Connection restored with License Server(s)  2
