clnttcp_create: connect failed, error = 10061, retrying
%UIMSG-COMMAND-ERROR, uicmd_cmd_group_cmd_by_name_add: command to add is not found
%UIMSG-COMMAND-ERROR, uicmd_cmd_group_cmd_by_name_add: command to add is not found
%UIMSG-COMMAND-ERROR, uicmd_cmd_group_cmd_by_name_add: command to add is not found
%UIMSG-APPLICATION-ERROR, Could not open resource file 'procmdutilappphotorealrend'
%UIMSG-USER-ERROR, Failed to create device: ProCmdUtilAppPhotoRealRend, from resource file: procmdutilappphotorealrend
%UIMSG-APPLICATION-ERROR, Could not open resource file 'procmdutilappphotorealrendclose'
%UIMSG-USER-ERROR, Failed to create device: ProCmdUtilAppPhotoRealRendClose, from resource file: procmdutilappphotorealrendclose
%UIMSG-COMMAND-ERROR, uicmd_cmd_group_cmd_by_name_add: command to add is not found
%UIMSG-COMMAND-ERROR, uicmd_cmd_group_cmd_by_name_add: command to add is not found
%UIMSG-COMMAND-ERROR, uicmd_cmd_set_hover_func: NULL uiCmdCommand
%UIMSG-COMMAND-ERROR, uicmd_cmd_set_hover_func: NULL uiCmdCommand
%UIMSG-COMMAND-ERROR, uicmd_cmd_set_hover_func: NULL uiCmdCommand
%UIMSG-COMMAND-ERROR, uicmd_cmd_set_hover_func: NULL uiCmdCommand
%UIMSG-COMMAND-ERROR, uicmd_cmd_set_hover_func: hover function already set
%UIMSG-USER-ERROR, Failed to preload image sp_128
%UIMSG-USER-ERROR, Failed to preload image sp_129
%UIMSG-USER-ERROR, Failed to preload image sp_130
%UIMSG-USER-ERROR, Failed to preload image sp_131
%UIMSG-USER-ERROR, Failed to preload image sp_132
%UIMSG-USER-ERROR, Failed to preload image sp_133
%UIMSG-USER-ERROR, Failed to preload image sp_134
%UIMSG-USER-ERROR, Failed to preload image sp_135
%UIMSG-USER-ERROR, Failed to preload image sp_136
%UIMSG-USER-ERROR, Failed to preload image sp_137
%UIMSG-USER-ERROR, Failed to preload image sp_138
%UIMSG-USER-ERROR, Failed to preload image sp_139
%UIMSG-USER-ERROR, Failed to preload image sp_140
%UIMSG-USER-ERROR, Failed to preload image sp_141
%UIMSG-USER-ERROR, Failed to preload image sp_142
%UIMSG-USER-ERROR, Failed to preload image sp_143
%UIMSG-USER-ERROR, Failed to preload image sp_144
%UIMSG-USER-ERROR, Failed to preload image sp_145
%UIMSG-USER-ERROR, Failed to preload image sp_146
%UIMSG-USER-ERROR, Failed to preload image sp_147
%UIMSG-USER-ERROR, Failed to preload image sp_148
%UIMSG-APPLICATION-ERROR, GetImageInfo: Failed to find image "imgf_col_16x16_0_33554431"
%UIMSG-APPLICATION-ERROR, ui_create_search_path: Ignoring non-existent folder "proe/proribbon"
%UIMSG-USER-ERROR, TitleBarImage "creo_logo_parametric.ico" is the wrong size (32x32) for main_dlg_w1
%UIMSG-APPLICATION-ERROR, Did not find item <PHTLeft.CeViewTabLay> in Tab PHTLeft.ProExplorerTab@main_dlg_w1
%UIMSG-APPLICATION-ERROR, Failed to modify component: PHTLeft.ProExplorerTab, in device: main_dlg_w1
%UIMSG-APPLICATION-ERROR, Did not find item <PHTLeft.HistLay> in Tab PHTLeft.ProExplorerTab@main_dlg_w1
%UIMSG-APPLICATION-ERROR, Failed to modify component: PHTLeft.ProExplorerTab, in device: main_dlg_w1
%UIMSG-APPLICATION-ERROR, Parent TitlebarNakedWindow resizing child TitlebarMainLblPushButton (0,0) (1081x12) to be partially viewable in (0,0) (789x24)
%UIMSG-APPLICATION-ERROR, Parent message_status_container resizing child txt_messages (0,3) (1198x36) to be partially viewable in (0,0) (906x39)
%UIMSG-APPLICATION-ERROR, Parent message_status_container resizing child lbl_help (0,14) (1174x25) to be partially viewable in (0,0) (906x39)
%UIMSG-APPLICATION-ERROR, Parent RegenStatusBarComp.NmgrNotifStatusDrawarea resizing child RegenStatusBarComp.NmgrNotifStatusButton (2,0) (32x16) to be partially viewable in (0,0) (32x16)
%UIMSG-APPLICATION-ERROR, Parent message_status_container resizing child txt_messages (0,3) (906x36) to be partially viewable in (0,0) (904x39)
%UIMSG-APPLICATION-ERROR, Parent message_status_container resizing child txt_messages (0,3) (904x36) to be partially viewable in (0,0) (888x39)
%UIMSG-APPLICATION-ERROR, Could not find component: proe_win, in device: rmb_popup, for retrieve
%UIMSG-COMMAND-ERROR, uicmd_cmd_bracket_func_add: NULL uiCmdCommand
%UIMSG-APPLICATION-ERROR, ui_create_search_path: Ignoring non-existent folder "../../libs/prowtlibs"
%UIMSG-APPLICATION-ERROR, ui_create_search_path: Ignoring non-existent folder "../../proe/uitools"
%UIMSG-APPLICATION-ERROR, Could not find component: EFX_ActionMenu, in device: ProTk_DB_dev, for retrieve
%UIMSG-APPLICATION-ERROR, Could not find component: EFX_ActionMenu, in device: ProTk_DB_dev, to do operation
%UIMSG-APPLICATION-ERROR, Could not find component: EFX_ActionMenu_ProTk, in device: ProTk_DB_dev, for retrieve
%UIMSG-APPLICATION-ERROR, Could not find component: EFX_ActionMenu_ProTk, in device: ProTk_DB_dev, to do operation
%UIMSG-APPLICATION-ERROR, Could not find component: EFX_ActionMenu, in device: ProTk_DB_dev, for retrieve
%UIMSG-APPLICATION-ERROR, Could not find component: EFX_ActionMenu, in device: ProTk_DB_dev, to do operation
%UIMSG-APPLICATION-ERROR, Could not find component: EFX_ActionMenu_ProTk, in device: ProTk_DB_dev, for retrieve
%UIMSG-APPLICATION-ERROR, Could not find component: EFX_ActionMenu_ProTk, in device: ProTk_DB_dev, to do operation
%UIMSG-APPLICATION-ERROR, Could not find component: EFX_ActionMenu, in device: ProTk_DB_dev, for retrieve
%UIMSG-APPLICATION-ERROR, Could not find component: EFX_ActionMenu, in device: ProTk_DB_dev, to do operation
%UIMSG-APPLICATION-ERROR, Could not find component: EFX_ActionMenu_ProTk, in device: ProTk_DB_dev, for retrieve
%UIMSG-APPLICATION-ERROR, Could not find component: EFX_ActionMenu_ProTk, in device: ProTk_DB_dev, to do operation
%UIMSG-APPLICATION-ERROR, Could not find component: EFX_ActionMenu, in device: ProTk_DB_dev, for retrieve
%UIMSG-APPLICATION-ERROR, Could not find component: EFX_ActionMenu, in device: ProTk_DB_dev, to do operation
%UIMSG-APPLICATION-ERROR, Could not find component: EFX_ActionMenu_ProTk, in device: ProTk_DB_dev, for retrieve
%UIMSG-APPLICATION-ERROR, Could not find component: EFX_ActionMenu_ProTk, in device: ProTk_DB_dev, to do operation
%UIMSG-APPLICATION-ERROR, Could not find component: EFX_ActionMenu, in device: ProTk_DB_dev, for retrieve
%UIMSG-APPLICATION-ERROR, Could not find component: EFX_ActionMenu, in device: ProTk_DB_dev, to do operation
%UIMSG-APPLICATION-ERROR, Could not find component: EFX_ActionMenu_ProTk, in device: ProTk_DB_dev, for retrieve
%UIMSG-APPLICATION-ERROR, Could not find component: EFX_ActionMenu_ProTk, in device: ProTk_DB_dev, to do operation
%UIMSG-APPLICATION-ERROR, Could not find component: EFX_ActionMenu, in device: ProTk_DB_dev, for retrieve
%UIMSG-APPLICATION-ERROR, Could not find component: EFX_ActionMenu, in device: ProTk_DB_dev, to do operation
%UIMSG-APPLICATION-ERROR, Could not find component: EFX_ActionMenu_ProTk, in device: ProTk_DB_dev, for retrieve
%UIMSG-APPLICATION-ERROR, Could not find component: EFX_ActionMenu_ProTk, in device: ProTk_DB_dev, to do operation
%UIMSG-APPLICATION-ERROR, Could not find component: EFX_ActionMenu, in device: ProTk_DB_dev, for retrieve
%UIMSG-APPLICATION-ERROR, Could not find component: EFX_ActionMenu, in device: ProTk_DB_dev, to do operation
%UIMSG-APPLICATION-ERROR, Could not find component: EFX_ActionMenu_ProTk, in device: ProTk_DB_dev, for retrieve
%UIMSG-APPLICATION-ERROR, Could not find component: EFX_ActionMenu_ProTk, in device: ProTk_DB_dev, to do operation
%UIMSG-APPLICATION-ERROR, Could not find component: EFX_ActionMenu, in device: ProTk_DB_dev, for retrieve
%UIMSG-APPLICATION-ERROR, Could not find component: EFX_ActionMenu, in device: ProTk_DB_dev, to do operation
%UIMSG-APPLICATION-ERROR, Could not find component: EFX_ActionMenu_ProTk, in device: ProTk_DB_dev, for retrieve
%UIMSG-APPLICATION-ERROR, Could not find component: EFX_ActionMenu_ProTk, in device: ProTk_DB_dev, to do operation
%UIMSG-APPLICATION-ERROR, Could not find component: EFX_ActionMenu, in device: ProTk_DB_dev, for retrieve
%UIMSG-APPLICATION-ERROR, Could not find component: EFX_ActionMenu, in device: ProTk_DB_dev, to do operation
%UIMSG-APPLICATION-ERROR, Could not find component: EFX_ActionMenu_ProTk, in device: ProTk_DB_dev, for retrieve
%UIMSG-APPLICATION-ERROR, Could not find component: EFX_ActionMenu_ProTk, in device: ProTk_DB_dev, to do operation
%UIMSG-APPLICATION-ERROR, Could not find component: EFX_ActionMenu, in device: ProTk_DB_dev, for retrieve
%UIMSG-APPLICATION-ERROR, Could not find component: EFX_ActionMenu, in device: ProTk_DB_dev, to do operation
%UIMSG-APPLICATION-ERROR, Could not find component: EFX_ActionMenu_ProTk, in device: ProTk_DB_dev, for retrieve
%UIMSG-APPLICATION-ERROR, Could not find component: EFX_ActionMenu_ProTk, in device: ProTk_DB_dev, to do operation
%UIMSG-APPLICATION-ERROR, Could not find component: EFX_ActionMenu, in device: ProTk_DB_dev, for retrieve
%UIMSG-APPLICATION-ERROR, Could not find component: EFX_ActionMenu, in device: ProTk_DB_dev, to do operation
%UIMSG-APPLICATION-ERROR, Could not find component: EFX_ActionMenu_ProTk, in device: ProTk_DB_dev, for retrieve
%UIMSG-APPLICATION-ERROR, Could not find component: EFX_ActionMenu_ProTk, in device: ProTk_DB_dev, to do operation
%UIMSG-APPLICATION-ERROR, Could not find component: EFX_ActionMenu, in device: ProTk_DB_dev, for retrieve
%UIMSG-APPLICATION-ERROR, Could not find component: EFX_ActionMenu, in device: ProTk_DB_dev, to do operation
%UIMSG-APPLICATION-ERROR, Could not find component: EFX_ActionMenu_ProTk, in device: ProTk_DB_dev, for retrieve
%UIMSG-APPLICATION-ERROR, Could not find component: EFX_ActionMenu_ProTk, in device: ProTk_DB_dev, to do operation
%UIMSG-APPLICATION-ERROR, RemoveImage: Failed to find image "dod1_cust_img20x20"
%UIMSG-APPLICATION-ERROR, RemoveImage: Failed to find image "dod7_cust_img20x20"
%UIMSG-APPLICATION-ERROR, RemoveImage: Failed to find image "big2_cust_img20x20"
%UIMSG-APPLICATION-ERROR, RemoveImage: Failed to find image "fun3_cust_img20x20"
%UIMSG-APPLICATION-ERROR, GetImageInfo: Failed to find image "dod1_cust_img32x32"
%UIMSG-APPLICATION-ERROR, GetImageInfo: Failed to find image "dod7_cust_img32x32"
%UIMSG-APPLICATION-ERROR, GetImageInfo: Failed to find image "big2_cust_img32x32"
%UIMSG-APPLICATION-ERROR, GetImageInfo: Failed to find image "fun3_cust_img32x32"
%UIMSG-APPLICATION-ERROR, RemoveImage: Failed to find image "dod1_cust_img20x20"
%UIMSG-APPLICATION-ERROR, RemoveImage: Failed to find image "dod7_cust_img20x20"
%UIMSG-APPLICATION-ERROR, RemoveImage: Failed to find image "big2_cust_img20x20"
%UIMSG-APPLICATION-ERROR, RemoveImage: Failed to find image "fun3_cust_img20x20"
%UIMSG-APPLICATION-ERROR, GetImageInfo: Failed to find image "dod1_cust_img32x32"
%UIMSG-APPLICATION-ERROR, GetImageInfo: Failed to find image "dod7_cust_img32x32"
%UIMSG-APPLICATION-ERROR, GetImageInfo: Failed to find image "big2_cust_img32x32"
%UIMSG-APPLICATION-ERROR, GetImageInfo: Failed to find image "fun3_cust_img32x32"
%UIMSG-APPLICATION-ERROR, RemoveImage: Failed to find image "dod1_cust_img20x20"
%UIMSG-APPLICATION-ERROR, RemoveImage: Failed to find image "dod7_cust_img20x20"
%UIMSG-APPLICATION-ERROR, RemoveImage: Failed to find image "big2_cust_img20x20"
%UIMSG-APPLICATION-ERROR, RemoveImage: Failed to find image "fun3_cust_img20x20"
%UIMSG-APPLICATION-ERROR, GetImageInfo: Failed to find image "dod1_cust_img32x32"
%UIMSG-APPLICATION-ERROR, GetImageInfo: Failed to find image "dod7_cust_img32x32"
%UIMSG-APPLICATION-ERROR, GetImageInfo: Failed to find image "big2_cust_img32x32"
%UIMSG-APPLICATION-ERROR, GetImageInfo: Failed to find image "fun3_cust_img32x32"
%UIMSG-APPLICATION-ERROR, RemoveImage: Failed to find image "dod1_cust_img20x20"
%UIMSG-APPLICATION-ERROR, RemoveImage: Failed to find image "dod7_cust_img20x20"
%UIMSG-APPLICATION-ERROR, RemoveImage: Failed to find image "big2_cust_img20x20"
%UIMSG-APPLICATION-ERROR, RemoveImage: Failed to find image "fun3_cust_img20x20"
%UIMSG-APPLICATION-ERROR, GetImageInfo: Failed to find image "dod1_cust_img32x32"
%UIMSG-APPLICATION-ERROR, GetImageInfo: Failed to find image "dod7_cust_img32x32"
%UIMSG-APPLICATION-ERROR, GetImageInfo: Failed to find image "big2_cust_img32x32"
%UIMSG-APPLICATION-ERROR, GetImageInfo: Failed to find image "fun3_cust_img32x32"
%UIMSG-APPLICATION-ERROR, Component 'PHTLeft.Folders@main_dlg_w1' is being resized when UI_redraw_Attr = FALSE
%UIMSG-APPLICATION-ERROR, Component 'PHTLeft.PHFolders.Nav_FT@main_dlg_w1' is being resized when UI_redraw_Attr = FALSE
%UIMSG-APPLICATION-ERROR, Component 'PHTLeft.PHFolders.TB_Shortcuts@main_dlg_w1' is being resized when UI_redraw_Attr = FALSE
%UIMSG-APPLICATION-ERROR, Component 'PHTLeft.PHFolders.sash_cmd_buttons@main_dlg_w1' is being resized when UI_redraw_Attr = FALSE
%UIMSG-APPLICATION-ERROR, Could not open resource file 'pmechcmdanalyses'
%UIMSG-USER-ERROR, Failed to create device: PMechCmdAnalyses, from resource file: pmechcmdanalyses
%UIMSG-APPLICATION-ERROR, Could not open resource file 'lc_invoke'
%UIMSG-USER-ERROR, Failed to create device: LC_Invoke, from resource file: lc_invoke
%UIMSG-APPLICATION-ERROR, Could not find component: user_standard_page_for_cust_ribbon_tb_start, in device: main_dlg_w1, for modify
%UIMSG-APPLICATION-ERROR, Could not find component: user_standard_page_for_cust_ribbon_tb_end, in device: main_dlg_w1, for modify
%UIMSG-COMMAND-ERROR, uicmd_cmd_remove_component_on_update_func: Can't find component listen function on command
%UIMSG-APPLICATION-ERROR, UI_global_remove_action_notifier_Op: No matching callback to remove
